<?xml version="1.0" encoding="UTF-8"?>
<testsuite xmlns:xsi="http://www.w3.org/2001/XMLSchema-instance" xsi:noNamespaceSchemaLocation="https://maven.apache.org/surefire/maven-surefire-plugin/xsd/surefire-test-report.xsd" name="org.example.AppTest" time="0.019" tests="1" errors="0" skipped="0" failures="0">
  <properties>
    <property name="sun.desktop" value="windows"/>
    <property name="awt.toolkit" value="sun.awt.windows.WToolkit"/>
    <property name="file.encoding.pkg" value="sun.io"/>
    <property name="java.specification.version" value="1.8"/>
    <property name="sun.cpu.isalist" value="amd64"/>
    <property name="sun.jnu.encoding" value="GBK"/>
    <property name="java.class.path" value="C:\Users\56279\IdeaProjects\xmlApp\target\test-classes;C:\Users\56279\IdeaProjects\xmlApp\target\classes;C:\repository\com\thoughtworks\xstream\xstream\1.4.7\xstream-1.4.7.jar;C:\repository\xmlpull\xmlpull\1.1.3.1\xmlpull-1.1.3.1.jar;C:\repository\xpp3\xpp3_min\1.1.4c\xpp3_min-1.1.4c.jar;C:\repository\junit\junit\4.11\junit-4.11.jar;C:\repository\org\hamcrest\hamcrest-core\1.3\hamcrest-core-1.3.jar;C:\repository\mysql\mysql-connector-java\8.0.21\mysql-connector-java-8.0.21.jar;C:\repository\com\google\protobuf\protobuf-java\3.11.4\protobuf-java-3.11.4.jar;"/>
    <property name="java.vm.vendor" value="Oracle Corporation"/>
    <property name="sun.arch.data.model" value="64"/>
    <property name="user.variant" value=""/>
    <property name="java.vendor.url" value="http://java.oracle.com/"/>
    <property name="user.timezone" value="Asia/Shanghai"/>
    <property name="java.vm.specification.version" value="1.8"/>
    <property name="os.name" value="Windows 10"/>
    <property name="user.country" value="CN"/>
    <property name="sun.java.launcher" value="SUN_STANDARD"/>
    <property name="sun.boot.library.path" value="C:\Program Files\jdk1.8.0_201\jre\bin"/>
    <property name="sun.java.command" value="C:\Users\56279\AppData\Local\Temp\surefire5430852616267575766\surefirebooter3795480274898759253.jar C:\Users\56279\AppData\Local\Temp\surefire5430852616267575766 2021-01-08T22-54-34_264-jvmRun1 surefire8718521210958282943tmp surefire_06795917409599294339tmp"/>
    <property name="surefire.test.class.path" value="C:\Users\56279\IdeaProjects\xmlApp\target\test-classes;C:\Users\56279\IdeaProjects\xmlApp\target\classes;C:\repository\com\thoughtworks\xstream\xstream\1.4.7\xstream-1.4.7.jar;C:\repository\xmlpull\xmlpull\1.1.3.1\xmlpull-1.1.3.1.jar;C:\repository\xpp3\xpp3_min\1.1.4c\xpp3_min-1.1.4c.jar;C:\repository\junit\junit\4.11\junit-4.11.jar;C:\repository\org\hamcrest\hamcrest-core\1.3\hamcrest-core-1.3.jar;C:\repository\mysql\mysql-connector-java\8.0.21\mysql-connector-java-8.0.21.jar;C:\repository\com\google\protobuf\protobuf-java\3.11.4\protobuf-java-3.11.4.jar;"/>
    <property name="sun.cpu.endian" value="little"/>
    <property name="user.home" value="C:\Users\56279"/>
    <property name="user.language" value="zh"/>
    <property name="java.specification.vendor" value="Oracle Corporation"/>
    <property name="java.home" value="C:\Program Files\jdk1.8.0_201\jre"/>
    <property name="basedir" value="C:\Users\56279\IdeaProjects\xmlApp"/>
    <property name="file.separator" value="\"/>
    <property name="line.separator" value="&#10;"/>
    <property name="java.vm.specification.vendor" value="Oracle Corporation"/>
    <property name="java.specification.name" value="Java Platform API Specification"/>
    <property name="java.awt.graphicsenv" value="sun.awt.Win32GraphicsEnvironment"/>
    <property name="idea.version2020.1.2" value="true"/>
    <property name="surefire.real.class.path" value="C:\Users\56279\AppData\Local\Temp\surefire5430852616267575766\surefirebooter3795480274898759253.jar"/>
    <property name="sun.boot.class.path" value="C:\Program Files\jdk1.8.0_201\jre\lib\resources.jar;C:\Program Files\jdk1.8.0_201\jre\lib\rt.jar;C:\Program Files\jdk1.8.0_201\jre\lib\sunrsasign.jar;C:\Program Files\jdk1.8.0_201\jre\lib\jsse.jar;C:\Program Files\jdk1.8.0_201\jre\lib\jce.jar;C:\Program Files\jdk1.8.0_201\jre\lib\charsets.jar;C:\Program Files\jdk1.8.0_201\jre\lib\jfr.jar;C:\Program Files\jdk1.8.0_201\jre\classes"/>
    <property name="user.script" value=""/>
    <property name="sun.management.compiler" value="HotSpot 64-Bit Tiered Compilers"/>
    <property name="java.runtime.version" value="1.8.0_201-b09"/>
    <property name="user.name" value="56279"/>
    <property name="path.separator" value=";"/>
    <property name="os.version" value="10.0"/>
    <property name="java.endorsed.dirs" value="C:\Program Files\jdk1.8.0_201\jre\lib\endorsed"/>
    <property name="java.runtime.name" value="Java(TM) SE Runtime Environment"/>
    <property name="file.encoding" value="GBK"/>
    <property name="java.vm.name" value="Java HotSpot(TM) 64-Bit Server VM"/>
    <property name="localRepository" value="C:\repository"/>
    <property name="java.vendor.url.bug" value="http://bugreport.sun.com/bugreport/"/>
    <property name="java.io.tmpdir" value="C:\Users\56279\AppData\Local\Temp\"/>
    <property name="java.version" value="1.8.0_201"/>
    <property name="user.dir" value="C:\Users\56279\IdeaProjects\xmlApp"/>
    <property name="os.arch" value="amd64"/>
    <property name="java.vm.specification.name" value="Java Virtual Machine Specification"/>
    <property name="java.awt.printerjob" value="sun.awt.windows.WPrinterJob"/>
    <property name="sun.os.patch.level" value=""/>
    <property name="java.library.path" value="C:\Program Files\jdk1.8.0_201\jre\bin;C:\Windows\Sun\Java\bin;C:\Windows\system32;C:\Windows;C:\Python27\;C:\Python27\Scripts;C:\Windows\system32;C:\Windows;C:\Windows\System32\Wbem;C:\Windows\System32\WindowsPowerShell\v1.0\;C:\Windows\System32\OpenSSH\;C:\Program Files\NVIDIA Corporation\NVIDIA NvDLISR;C:\Program Files (x86)\NVIDIA Corporation\PhysX\Common;C:\Program Files\Common Files\Autodesk Shared\;C:\Program Files (x86)\Autodesk\Backburner\;C:\Program Files\jdk1.8.0_201\bin;C:\Program Files\mysql-8.0.20-winx64\bin;C:\Program Files\Git\cmd;C:\Program Files\redis;C:\Program Files\apache-tomcat-9.0.10\bin;C:\Program Files\jdk1.8.0_201\jre\bin;C:\Program Files\apache-maven-3.5.4\bin;C:\Program Files\apache-ant-1.9.15\bin;C:\Users\56279\AppData\Local\Microsoft\WindowsApps;;C:\Program Files\JetBrains\IntelliJ IDEA 2020.1.2\bin;;C:\Users\56279\AppData\Local\Programs\Microsoft VS Code\bin;."/>
    <property name="java.vm.info" value="mixed mode"/>
    <property name="java.vendor" value="Oracle Corporation"/>
    <property name="java.vm.version" value="25.201-b09"/>
    <property name="java.ext.dirs" value="C:\Program Files\jdk1.8.0_201\jre\lib\ext;C:\Windows\Sun\Java\lib\ext"/>
    <property name="sun.io.unicode.encoding" value="UnicodeLittle"/>
    <property name="maven.repo.local" value="C:\repository"/>
    <property name="java.class.version" value="52.0"/>
  </properties>
  <testcase name="shouldAnswerWithTrue" classname="org.example.AppTest" time="0.002"/>
</testsuite>